<?xml version="1.0" encoding="UTF-8"?>
<testng-results ignored="0" total="2" passed="2" failed="0" skipped="0">
  <reporter-output>
  </reporter-output>
  <suite started-at="2020-01-08T18:18:31Z" name="Default suite" finished-at="2020-01-08T18:19:38Z" duration-ms="66447">
    <groups>
    </groups>
    <test started-at="2020-01-08T18:18:31Z" name="Default test" finished-at="2020-01-08T18:19:38Z" duration-ms="66447">
      <class name="testCases.ComparisonofPrize">
        <test-method is-config="true" signature="intialize()[pri:0, instance:testCases.ComparisonofPrize@24269709]" started-at="2020-01-08T18:18:31Z" name="intialize" finished-at="2020-01-08T18:18:37Z" duration-ms="5811" status="PASS">
          <reporter-output>
          </reporter-output>
        </test-method> <!-- intialize -->
        <test-method signature="amazon()[pri:0, instance:testCases.ComparisonofPrize@24269709]" started-at="2020-01-08T18:18:37Z" name="amazon" finished-at="2020-01-08T18:19:02Z" duration-ms="25047" status="PASS">
          <reporter-output>
          </reporter-output>
        </test-method> <!-- amazon -->
        <test-method signature="flipkart()[pri:0, instance:testCases.ComparisonofPrize@24269709]" started-at="2020-01-08T18:19:02Z" name="flipkart" finished-at="2020-01-08T18:19:38Z" duration-ms="35477" status="PASS">
          <reporter-output>
          </reporter-output>
        </test-method> <!-- flipkart -->
        <test-method is-config="true" signature="teardown()[pri:0, instance:testCases.ComparisonofPrize@24269709]" started-at="2020-01-08T18:19:38Z" name="teardown" finished-at="2020-01-08T18:19:38Z" duration-ms="71" status="PASS">
          <reporter-output>
          </reporter-output>
        </test-method> <!-- teardown -->
      </class> <!-- testCases.ComparisonofPrize -->
    </test> <!-- Default test -->
  </suite> <!-- Default suite -->
</testng-results>
